[14:40:07] [ServerMain/INFO]: Environment: Environment[sessionHost=https://sessionserver.mojang.com, servicesHost=https://api.minecraftservices.com, name=PROD]
[14:40:09] [ServerMain/INFO]: Loaded 7 recipes
[14:40:09] [ServerMain/INFO]: Loaded 1271 advancements
[14:40:10] [Server thread/INFO]: Starting minecraft server version 1.20.4
[14:40:10] [Server thread/INFO]: Loading properties
[14:40:10] [Server thread/INFO]: Default game type: SURVIVAL
[14:40:10] [Server thread/INFO]: Generating keypair
[14:40:10] [Server thread/INFO]: Starting Minecraft server on *:25565
[14:40:10] [Server thread/INFO]: Using epoll channel type
[14:40:10] [Server thread/INFO]: Preparing level "world"
[14:40:14] [Server thread/INFO]: Preparing start region for dimension minecraft:overworld
[14:40:14] [Server thread/INFO]: Preparing spawn area: 0%
[14:40:14] [Worker-Main-3/INFO]: Preparing spawn area: 0%
[14:40:15] [Worker-Main-1/INFO]: Preparing spawn area: 83%
[14:40:16] [Worker-Main-3/INFO]: Preparing spawn area: 83%
[14:40:16] [Worker-Main-2/INFO]: Preparing spawn area: 83%
[14:40:17] [Worker-Main-1/INFO]: Preparing spawn area: 83%
[14:40:17] [Worker-Main-3/INFO]: Preparing spawn area: 83%
[14:40:17] [Worker-Main-1/INFO]: Preparing spawn area: 83%
[14:40:18] [Worker-Main-3/INFO]: Preparing spawn area: 83%
[14:40:18] [Worker-Main-2/INFO]: Preparing spawn area: 83%
[14:40:19] [Worker-Main-1/INFO]: Preparing spawn area: 83%
[14:40:19] [Worker-Main-2/INFO]: Preparing spawn area: 83%
[14:40:20] [Worker-Main-1/INFO]: Preparing spawn area: 84%
[14:40:20] [Worker-Main-3/INFO]: Preparing spawn area: 87%
[14:40:21] [Worker-Main-1/INFO]: Preparing spawn area: 89%
[14:40:21] [Worker-Main-3/INFO]: Preparing spawn area: 92%
[14:40:22] [Worker-Main-2/INFO]: Preparing spawn area: 94%
[14:40:22] [Worker-Main-2/INFO]: Preparing spawn area: 97%
[14:40:23] [Server thread/INFO]: Time elapsed: 8766 ms
[14:40:23] [Server thread/INFO]: Done (12.667s)! For help, type "help"
