[14:57:54] [ServerMain/INFO]: Environment: Environment[sessionHost=https://sessionserver.mojang.com, servicesHost=https://api.minecraftservices.com, name=PROD]
[14:57:55] [ServerMain/INFO]: No existing world data, creating new world
[14:57:56] [ServerMain/INFO]: Loaded 7 recipes
[14:57:56] [ServerMain/INFO]: Loaded 1271 advancements
[14:57:57] [Server thread/INFO]: Starting minecraft server version 1.20.4
[14:57:57] [Server thread/INFO]: Loading properties
[14:57:57] [Server thread/INFO]: Default game type: SURVIVAL
[14:57:57] [Server thread/INFO]: Generating keypair
[14:57:57] [Server thread/INFO]: Starting Minecraft server on *:25565
[14:57:57] [Server thread/INFO]: Using epoll channel type
[14:57:57] [Server thread/INFO]: Preparing level "world"
[14:58:02] [Server thread/INFO]: Preparing start region for dimension minecraft:overworld
[14:58:03] [Worker-Main-3/INFO]: Preparing spawn area: 0%
[14:58:03] [Worker-Main-3/INFO]: Preparing spawn area: 0%
[14:58:03] [Worker-Main-3/INFO]: Preparing spawn area: 0%
[14:58:04] [Worker-Main-1/INFO]: Preparing spawn area: 0%
[14:58:04] [Worker-Main-2/INFO]: Preparing spawn area: 0%
[14:58:05] [Worker-Main-3/INFO]: Preparing spawn area: 1%
[14:58:05] [Worker-Main-1/INFO]: Preparing spawn area: 2%
[14:58:06] [Worker-Main-1/INFO]: Preparing spawn area: 3%
[14:58:06] [Worker-Main-2/INFO]: Preparing spawn area: 5%
[14:58:07] [Worker-Main-1/INFO]: Preparing spawn area: 6%
[14:58:07] [Worker-Main-1/INFO]: Preparing spawn area: 8%
[14:58:08] [Worker-Main-3/INFO]: Preparing spawn area: 9%
[14:58:08] [Worker-Main-3/INFO]: Preparing spawn area: 11%
[14:58:09] [Worker-Main-3/INFO]: Preparing spawn area: 12%
[14:58:09] [Worker-Main-1/INFO]: Preparing spawn area: 15%
[14:58:10] [Worker-Main-3/INFO]: Preparing spawn area: 17%
[14:58:10] [Worker-Main-1/INFO]: Preparing spawn area: 19%
[14:58:11] [Worker-Main-2/INFO]: Preparing spawn area: 22%
[14:58:11] [Worker-Main-1/INFO]: Preparing spawn area: 24%
[14:58:12] [Worker-Main-2/INFO]: Preparing spawn area: 27%
[14:58:12] [Worker-Main-2/INFO]: Preparing spawn area: 30%
[14:58:13] [Worker-Main-1/INFO]: Preparing spawn area: 33%
[14:58:13] [Worker-Main-3/INFO]: Preparing spawn area: 35%
[14:58:14] [Worker-Main-2/INFO]: Preparing spawn area: 39%
[14:58:14] [Worker-Main-1/INFO]: Preparing spawn area: 42%
[14:58:15] [Worker-Main-3/INFO]: Preparing spawn area: 45%
[14:58:15] [Worker-Main-2/INFO]: Preparing spawn area: 47%
[14:58:16] [Worker-Main-2/INFO]: Preparing spawn area: 51%
[14:58:16] [Worker-Main-2/INFO]: Preparing spawn area: 54%
[14:58:17] [Worker-Main-3/INFO]: Preparing spawn area: 56%
[14:58:17] [Worker-Main-3/INFO]: Preparing spawn area: 60%
[14:58:18] [Worker-Main-1/INFO]: Preparing spawn area: 62%
[14:58:18] [Worker-Main-1/INFO]: Preparing spawn area: 67%
[14:58:19] [Worker-Main-1/INFO]: Preparing spawn area: 68%
[14:58:19] [Worker-Main-3/INFO]: Preparing spawn area: 72%
[14:58:20] [Worker-Main-2/INFO]: Preparing spawn area: 75%
[14:58:20] [Worker-Main-3/INFO]: Preparing spawn area: 77%
[14:58:21] [Worker-Main-2/INFO]: Preparing spawn area: 82%
[14:58:21] [Worker-Main-2/INFO]: Preparing spawn area: 85%
[14:58:22] [Worker-Main-3/INFO]: Preparing spawn area: 88%
[14:58:22] [Worker-Main-1/INFO]: Preparing spawn area: 92%
[14:58:23] [Worker-Main-3/INFO]: Preparing spawn area: 95%
[14:58:23] [Worker-Main-1/INFO]: Preparing spawn area: 99%
[14:58:23] [Server thread/INFO]: Time elapsed: 21054 ms
[14:58:23] [Server thread/INFO]: Done (26.680s)! For help, type "help"
