[14:48:13] [ServerMain/INFO]: Environment: Environment[sessionHost=https://sessionserver.mojang.com, servicesHost=https://api.minecraftservices.com, name=PROD]
[14:48:14] [ServerMain/INFO]: No existing world data, creating new world
[14:48:15] [ServerMain/INFO]: Loaded 7 recipes
[14:48:15] [ServerMain/INFO]: Loaded 1271 advancements
[14:48:16] [Server thread/INFO]: Starting minecraft server version 1.20.4
[14:48:16] [Server thread/INFO]: Loading properties
[14:48:16] [Server thread/INFO]: Default game type: SURVIVAL
[14:48:16] [Server thread/INFO]: Generating keypair
[14:48:16] [Server thread/INFO]: Starting Minecraft server on *:25565
[14:48:16] [Server thread/INFO]: Using epoll channel type
[14:48:16] [Server thread/INFO]: Preparing level "world"
[14:48:21] [Server thread/INFO]: Preparing start region for dimension minecraft:overworld
[14:48:22] [Worker-Main-3/INFO]: Preparing spawn area: 0%
[14:48:22] [Worker-Main-2/INFO]: Preparing spawn area: 0%
[14:48:22] [Worker-Main-3/INFO]: Preparing spawn area: 0%
[14:48:23] [Worker-Main-2/INFO]: Preparing spawn area: 0%
[14:48:23] [Worker-Main-3/INFO]: Preparing spawn area: 0%
[14:48:24] [Worker-Main-2/INFO]: Preparing spawn area: 1%
[14:48:24] [Worker-Main-2/INFO]: Preparing spawn area: 2%
[14:48:25] [Worker-Main-1/INFO]: Preparing spawn area: 3%
[14:48:25] [Worker-Main-1/INFO]: Preparing spawn area: 4%
[14:48:26] [Worker-Main-2/INFO]: Preparing spawn area: 6%
[14:48:26] [Worker-Main-3/INFO]: Preparing spawn area: 7%
[14:48:27] [Worker-Main-1/INFO]: Preparing spawn area: 9%
[14:48:27] [Worker-Main-3/INFO]: Preparing spawn area: 10%
[14:48:28] [Worker-Main-2/INFO]: Preparing spawn area: 13%
[14:48:28] [Worker-Main-2/INFO]: Preparing spawn area: 15%
[14:48:29] [Worker-Main-1/INFO]: Preparing spawn area: 16%
[14:48:29] [Worker-Main-3/INFO]: Preparing spawn area: 19%
[14:48:30] [Worker-Main-1/INFO]: Preparing spawn area: 21%
[14:48:30] [Worker-Main-1/INFO]: Preparing spawn area: 23%
[14:48:31] [Worker-Main-3/INFO]: Preparing spawn area: 25%
[14:48:31] [Worker-Main-2/INFO]: Preparing spawn area: 29%
[14:48:32] [Worker-Main-3/INFO]: Preparing spawn area: 31%
[14:48:32] [Worker-Main-3/INFO]: Preparing spawn area: 34%
[14:48:33] [Worker-Main-3/INFO]: Preparing spawn area: 37%
[14:48:33] [Worker-Main-2/INFO]: Preparing spawn area: 40%
[14:48:34] [Worker-Main-2/INFO]: Preparing spawn area: 43%
[14:48:34] [Worker-Main-2/INFO]: Preparing spawn area: 46%
[14:48:35] [Worker-Main-2/INFO]: Preparing spawn area: 49%
[14:48:35] [Worker-Main-3/INFO]: Preparing spawn area: 53%
[14:48:36] [Worker-Main-2/INFO]: Preparing spawn area: 56%
[14:48:37] [Worker-Main-1/INFO]: Preparing spawn area: 59%
[14:48:37] [Worker-Main-1/INFO]: Preparing spawn area: 59%
[14:48:37] [Worker-Main-3/INFO]: Preparing spawn area: 59%
[14:48:38] [Worker-Main-1/INFO]: Preparing spawn area: 61%
[14:48:38] [Worker-Main-1/INFO]: Preparing spawn area: 64%
[14:48:39] [Worker-Main-1/INFO]: Preparing spawn area: 66%
[14:48:39] [Worker-Main-1/INFO]: Preparing spawn area: 69%
[14:48:40] [Worker-Main-2/INFO]: Preparing spawn area: 72%
[14:48:40] [Worker-Main-1/INFO]: Preparing spawn area: 75%
[14:48:41] [Worker-Main-1/INFO]: Preparing spawn area: 79%
[14:48:41] [Worker-Main-3/INFO]: Preparing spawn area: 83%
[14:48:42] [Worker-Main-1/INFO]: Preparing spawn area: 85%
[14:48:42] [Worker-Main-2/INFO]: Preparing spawn area: 87%
[14:48:43] [Worker-Main-2/INFO]: Preparing spawn area: 91%
[14:48:43] [Worker-Main-1/INFO]: Preparing spawn area: 94%
[14:48:44] [Worker-Main-1/INFO]: Preparing spawn area: 98%
[14:48:44] [Server thread/INFO]: Time elapsed: 22688 ms
[14:48:44] [Server thread/INFO]: Done (27.947s)! For help, type "help"
